

Started GET "/" for 83.141.77.130 at 2016-03-07 20:25:56 +0000
Processing by Rails::WelcomeController#index as HTML
  Rendered /usr/local/rvm/gems/ruby-2.3.0/gems/railties-4.2.2/lib/rails/templates/rails/welcome/index.html.erb (4.0ms)
Completed 200 OK in 39ms (Views: 23.1ms | ActiveRecord: 0.0ms)


Started GET "/static_pages/home" for 83.141.77.130 at 2016-03-07 20:26:27 +0000
Processing by StaticPagesController#home as HTML
  Rendered static_pages/home.html.erb within layouts/application (0.4ms)
Completed 200 OK in 1859ms (Views: 1858.5ms | ActiveRecord: 0.0ms)


Started GET "/assets/static_pages.self-e3b0c44298fc1c149afbf4c8996fb92427ae41e4649b934ca495991b7852b855.css?body=1" for 83.141.77.130 at 2016-03-07 20:26:29 +0000


Started GET "/assets/application.self-e80e8f2318043e8af94dddc2adad5a4f09739a8ebb323b3ab31cd71d45fd9113.css?body=1" for 83.141.77.130 at 2016-03-07 20:26:29 +0000


Started GET "/assets/application.self-3b8dabdc891efe46b9a144b400ad69e37d7e5876bdc39dee783419a69d7ca819.js?body=1" for 83.141.77.130 at 2016-03-07 20:26:29 +0000


Started GET "/assets/jquery_ujs.self-8e98a7a072a6cee1372d19fff9ff3e6aa1e39a37d89d6f06861637d061113ee7.js?body=1" for 83.141.77.130 at 2016-03-07 20:26:29 +0000


Started GET "/assets/jquery.self-d03a5518f45df77341bdbe6201ba3bfa547ebba8ed64f0ea56bfa5f96ea7c074.js?body=1" for 83.141.77.130 at 2016-03-07 20:26:29 +0000


Started GET "/assets/turbolinks.self-c846e670826600e8c91b1a5ada3e6547110d996cd6ff24cde55024f7a135a1b4.js?body=1" for 83.141.77.130 at 2016-03-07 20:26:29 +0000


Started GET "/assets/static_pages.self-877aef30ae1b040ab8a3aba4e3e309a11d7f2612f44dde450b5c157aa5f95c05.js?body=1" for 83.141.77.130 at 2016-03-07 20:26:29 +0000


Started GET "/static_pages/help" for 83.141.77.130 at 2016-03-07 20:26:36 +0000
Processing by StaticPagesController#help as HTML
  Rendered static_pages/help.html.erb within layouts/application (0.6ms)
Completed 200 OK in 61ms (Views: 59.4ms | ActiveRecord: 0.0ms)


Started GET "/" for 83.141.77.130 at 2016-03-07 20:35:11 +0000
Processing by Rails::WelcomeController#index as HTML
  Rendered /usr/local/rvm/gems/ruby-2.3.0/gems/railties-4.2.2/lib/rails/templates/rails/welcome/index.html.erb (6.2ms)
Completed 200 OK in 37ms (Views: 21.2ms | ActiveRecord: 0.0ms)


Started GET "/" for 83.141.77.130 at 2016-03-07 20:35:12 +0000
Processing by Rails::WelcomeController#index as HTML
  Rendered /usr/local/rvm/gems/ruby-2.3.0/gems/railties-4.2.2/lib/rails/templates/rails/welcome/index.html.erb (0.0ms)
Completed 200 OK in 3ms (Views: 2.2ms | ActiveRecord: 0.0ms)


Started GET "/static_pages/home" for 83.141.77.130 at 2016-03-07 20:35:30 +0000
Processing by StaticPagesController#home as HTML
  Rendered static_pages/home.html.erb within layouts/application (0.4ms)
Completed 200 OK in 245ms (Views: 243.7ms | ActiveRecord: 0.0ms)


Started GET "/" for 83.141.77.130 at 2016-03-07 20:52:34 +0000
Processing by Rails::WelcomeController#index as HTML
  Rendered /usr/local/rvm/gems/ruby-2.3.0/gems/railties-4.2.2/lib/rails/templates/rails/welcome/index.html.erb (3.3ms)
Completed 200 OK in 37ms (Views: 18.3ms | ActiveRecord: 0.0ms)


Started GET "/static_pages/home" for 83.141.77.130 at 2016-03-07 20:52:39 +0000
Processing by StaticPagesController#home as HTML
  Rendered static_pages/home.html.erb (0.5ms)
Completed 200 OK in 19ms (Views: 17.7ms | ActiveRecord: 0.0ms)


Started GET "/" for 83.141.77.130 at 2016-03-07 20:59:15 +0000
Processing by Rails::WelcomeController#index as HTML
  Rendered /usr/local/rvm/gems/ruby-2.3.0/gems/railties-4.2.2/lib/rails/templates/rails/welcome/index.html.erb (4.7ms)
Completed 200 OK in 53ms (Views: 28.1ms | ActiveRecord: 0.0ms)


Started GET "/static_pages/home" for 83.141.77.130 at 2016-03-07 20:59:20 +0000
Processing by StaticPagesController#home as HTML
  Rendered static_pages/home.html.erb (1.3ms)
Completed 500 Internal Server Error in 18ms (ActiveRecord: 0.0ms)

SyntaxError (/home/ubuntu/workspace/week5/app/views/static_pages/home.html.erb:1: syntax error, unexpected ',', expecting ')'
...putBuffer.new; provide (:title, "Home") 
...                               ^
/home/ubuntu/workspace/week5/app/views/static_pages/home.html.erb:1: syntax error, unexpected ')', expecting keyword_end
...r.new; provide (:title, "Home") 
...                               ^):
  app/views/static_pages/home.html.erb:1: syntax error, unexpected ',', expecting ')'
  app/views/static_pages/home.html.erb:1: syntax error, unexpected ')', expecting keyword_end


  Rendered /usr/local/rvm/gems/ruby-2.3.0/gems/web-console-2.0.0.beta3/lib/action_dispatch/templates/rescues/_source.erb (9.0ms)
  Rendered /usr/local/rvm/gems/ruby-2.3.0/gems/web-console-2.0.0.beta3/lib/action_dispatch/templates/rescues/_trace.html.erb (2.7ms)
  Rendered /usr/local/rvm/gems/ruby-2.3.0/gems/web-console-2.0.0.beta3/lib/action_dispatch/templates/rescues/_request_and_response.html.erb (5.9ms)
  Rendered /usr/local/rvm/gems/ruby-2.3.0/gems/web-console-2.0.0.beta3/lib/action_dispatch/templates/rescues/_web_console.html.erb (1.3ms)
  Rendered /usr/local/rvm/gems/ruby-2.3.0/gems/web-console-2.0.0.beta3/lib/action_dispatch/templates/rescues/diagnostics.html.erb within rescues/layout (124.7ms)


Started GET "/" for 83.141.77.130 at 2016-03-07 21:00:03 +0000
Processing by Rails::WelcomeController#index as HTML
  Rendered /usr/local/rvm/gems/ruby-2.3.0/gems/railties-4.2.2/lib/rails/templates/rails/welcome/index.html.erb (8.3ms)
Completed 200 OK in 47ms (Views: 28.0ms | ActiveRecord: 0.0ms)


Started GET "/static_pages/home" for 83.141.77.130 at 2016-03-07 21:00:07 +0000
Processing by StaticPagesController#home as HTML
  Rendered static_pages/home.html.erb (1.3ms)
Completed 200 OK in 19ms (Views: 18.5ms | ActiveRecord: 0.0ms)


Started GET "/static_pages/about" for 83.141.77.130 at 2016-03-07 21:00:15 +0000
Processing by StaticPagesController#about as HTML
  Rendered static_pages/about.html.erb (0.9ms)
Completed 200 OK in 19ms (Views: 18.2ms | ActiveRecord: 0.0ms)


Started GET "/" for 83.141.77.130 at 2016-03-07 21:07:15 +0000
Processing by Rails::WelcomeController#index as HTML
  Rendered /usr/local/rvm/gems/ruby-2.3.0/gems/railties-4.2.2/lib/rails/templates/rails/welcome/index.html.erb (6.6ms)
Completed 200 OK in 37ms (Views: 20.3ms | ActiveRecord: 0.0ms)


Started GET "/static_pages/home" for 83.141.77.130 at 2016-03-07 21:07:20 +0000
Processing by StaticPagesController#home as HTML
  Rendered static_pages/home.html.erb within layouts/application (0.6ms)
Completed 200 OK in 307ms (Views: 305.9ms | ActiveRecord: 0.0ms)


Started GET "/static_pages/about" for 83.141.77.130 at 2016-03-07 21:07:37 +0000
Processing by StaticPagesController#about as HTML
  Rendered static_pages/about.html.erb within layouts/application (0.8ms)
Completed 200 OK in 32ms (Views: 31.1ms | ActiveRecord: 0.0ms)


Started GET "/" for 83.141.77.130 at 2016-03-07 21:11:04 +0000
Processing by Rails::WelcomeController#index as HTML
  Rendered /usr/local/rvm/gems/ruby-2.3.0/gems/railties-4.2.2/lib/rails/templates/rails/welcome/index.html.erb (4.6ms)
Completed 200 OK in 48ms (Views: 25.9ms | ActiveRecord: 0.0ms)


Started GET "/static_pages/about" for 83.141.77.130 at 2016-03-07 21:11:13 +0000
Processing by StaticPagesController#about as HTML
  Rendered static_pages/about.html.erb within layouts/application (0.4ms)
Completed 200 OK in 231ms (Views: 230.0ms | ActiveRecord: 0.0ms)
